2014-06-20 00:00:30,544 WARN org.apache.hadoop.util.NativeCodeLoader: Unable to load native-hadoop library for your platform... using builtin-java classes where applicable
2014-06-20 00:00:31,418 WARN org.apache.hadoop.conf.Configuration: session.id is deprecated. Instead, use dfs.metrics.session-id
2014-06-20 00:00:31,423 INFO org.apache.hadoop.metrics.jvm.JvmMetrics: Initializing JVM Metrics with processName=JobTracker, sessionId=
2014-06-20 00:00:31,513 WARN org.apache.hadoop.mapreduce.JobSubmitter: No job jar file set.  User classes may not be found. See Job or Job#setJar(String).
2014-06-20 00:00:31,531 INFO org.apache.hadoop.mapreduce.lib.input.FileInputFormat: Total input paths to process : 1
2014-06-20 00:00:31,647 INFO org.apache.hadoop.mapreduce.JobSubmitter: number of splits:1
2014-06-20 00:00:31,678 WARN org.apache.hadoop.conf.Configuration: mapred.reduce.tasks is deprecated. Instead, use mapreduce.job.reduces
2014-06-20 00:00:31,679 WARN org.apache.hadoop.conf.Configuration: mapred.output.value.class is deprecated. Instead, use mapreduce.job.output.value.class
2014-06-20 00:00:31,680 WARN org.apache.hadoop.conf.Configuration: mapreduce.combine.class is deprecated. Instead, use mapreduce.job.combine.class
2014-06-20 00:00:31,683 WARN org.apache.hadoop.conf.Configuration: mapreduce.map.class is deprecated. Instead, use mapreduce.job.map.class
2014-06-20 00:00:31,683 WARN org.apache.hadoop.conf.Configuration: mapred.job.name is deprecated. Instead, use mapreduce.job.name
2014-06-20 00:00:31,683 WARN org.apache.hadoop.conf.Configuration: mapreduce.reduce.class is deprecated. Instead, use mapreduce.job.reduce.class
2014-06-20 00:00:31,684 WARN org.apache.hadoop.conf.Configuration: mapred.input.dir is deprecated. Instead, use mapreduce.input.fileinputformat.inputdir
2014-06-20 00:00:31,684 WARN org.apache.hadoop.conf.Configuration: mapred.output.dir is deprecated. Instead, use mapreduce.output.fileoutputformat.outputdir
2014-06-20 00:00:31,684 WARN org.apache.hadoop.conf.Configuration: mapred.map.tasks is deprecated. Instead, use mapreduce.job.maps
2014-06-20 00:00:31,685 WARN org.apache.hadoop.conf.Configuration: mapred.output.key.class is deprecated. Instead, use mapreduce.job.output.key.class
2014-06-20 00:00:31,686 WARN org.apache.hadoop.conf.Configuration: mapred.working.dir is deprecated. Instead, use mapreduce.job.working.dir
2014-06-20 00:00:32,007 INFO org.apache.hadoop.mapreduce.JobSubmitter: Submitting tokens for job: job_local1626717835_0001
2014-06-20 00:00:33,246 INFO org.apache.hadoop.mapreduce.Job: The url to track the job: http://localhost:8080/
2014-06-20 00:00:33,248 INFO org.apache.hadoop.mapreduce.Job: Running job: job_local1626717835_0001
2014-06-20 00:00:33,251 INFO org.apache.hadoop.mapred.LocalJobRunner: OutputCommitter set in config null
2014-06-20 00:00:33,272 INFO org.apache.hadoop.mapred.LocalJobRunner: OutputCommitter is org.apache.hadoop.mapreduce.lib.output.FileOutputCommitter
2014-06-20 00:00:33,316 INFO org.apache.hadoop.mapred.LocalJobRunner: Waiting for map tasks
2014-06-20 00:00:33,318 INFO org.apache.hadoop.mapred.LocalJobRunner: Starting task: attempt_local1626717835_0001_m_000000_0
2014-06-20 00:00:33,469 INFO org.apache.hadoop.mapred.Task:  Using ResourceCalculatorProcessTree : [ ]
2014-06-20 00:00:33,481 INFO org.apache.hadoop.mapred.MapTask: Processing split: file:/home/cloudera/workspace/training/hadoopDemo.log:0+473
2014-06-20 00:00:33,515 INFO org.apache.hadoop.mapred.MapTask: Map output collector class = org.apache.hadoop.mapred.MapTask$MapOutputBuffer
2014-06-20 00:00:33,823 INFO org.apache.hadoop.mapred.MapTask: (EQUATOR) 0 kvi 26214396(104857584)
2014-06-20 00:00:33,824 INFO org.apache.hadoop.mapred.MapTask: mapreduce.task.io.sort.mb: 100
2014-06-20 00:00:33,824 INFO org.apache.hadoop.mapred.MapTask: soft limit at 83886080
2014-06-20 00:00:33,824 INFO org.apache.hadoop.mapred.MapTask: bufstart = 0; bufvoid = 104857600
2014-06-20 00:00:33,824 INFO org.apache.hadoop.mapred.MapTask: kvstart = 26214396; length = 6553600
2014-06-20 00:00:33,863 INFO org.apache.hadoop.mapred.LocalJobRunner: 
2014-06-20 00:00:33,866 INFO org.apache.hadoop.mapred.MapTask: Starting flush of map output
2014-06-20 00:00:33,868 INFO org.apache.hadoop.mapred.MapTask: Spilling map output
2014-06-20 00:00:33,868 INFO org.apache.hadoop.mapred.MapTask: bufstart = 0; bufend = 654; bufvoid = 104857600
2014-06-20 00:00:33,869 INFO org.apache.hadoop.mapred.MapTask: kvstart = 26214396(104857584); kvend = 26214220(104856880); length = 177/6553600
2014-06-20 00:00:33,965 INFO org.apache.hadoop.mapred.MapTask: Finished spill 0
2014-06-20 00:00:33,974 INFO org.apache.hadoop.mapred.Task: Task:attempt_local1626717835_0001_m_000000_0 is done. And is in the process of committing
2014-06-20 00:00:34,010 INFO org.apache.hadoop.mapred.LocalJobRunner: map
2014-06-20 00:00:34,011 INFO org.apache.hadoop.mapred.Task: Task 'attempt_local1626717835_0001_m_000000_0' done.
2014-06-20 00:00:34,011 INFO org.apache.hadoop.mapred.LocalJobRunner: Finishing task: attempt_local1626717835_0001_m_000000_0
2014-06-20 00:00:34,012 INFO org.apache.hadoop.mapred.LocalJobRunner: Map task executor complete.
2014-06-20 00:00:34,051 INFO org.apache.hadoop.mapred.Task:  Using ResourceCalculatorProcessTree : [ ]
2014-06-20 00:00:34,071 INFO org.apache.hadoop.mapred.Merger: Merging 1 sorted segments
2014-06-20 00:00:34,204 INFO org.apache.hadoop.mapred.Merger: Down to the last merge-pass, with 1 segments left of total size: 464 bytes
2014-06-20 00:00:34,208 INFO org.apache.hadoop.mapred.LocalJobRunner: 
2014-06-20 00:00:34,248 WARN org.apache.hadoop.conf.Configuration: mapred.skip.on is deprecated. Instead, use mapreduce.job.skiprecords
2014-06-20 00:00:34,250 INFO org.apache.hadoop.mapreduce.Job: Job job_local1626717835_0001 running in uber mode : false
2014-06-20 00:00:34,261 INFO org.apache.hadoop.mapreduce.Job:  map 100% reduce 0%
2014-06-20 00:00:34,265 INFO org.apache.hadoop.mapred.Task: Task:attempt_local1626717835_0001_r_000000_0 is done. And is in the process of committing
2014-06-20 00:00:34,272 INFO org.apache.hadoop.mapred.LocalJobRunner: 
2014-06-20 00:00:34,277 INFO org.apache.hadoop.mapred.Task: Task attempt_local1626717835_0001_r_000000_0 is allowed to commit now
2014-06-20 00:00:34,285 INFO org.apache.hadoop.mapreduce.lib.output.FileOutputCommitter: Saved output of task 'attempt_local1626717835_0001_r_000000_0' to file:/home/cloudera/workspace/training/output/Fri Jun 20 00:00:31 EDT 2014/_temporary/0/task_local1626717835_0001_r_000000
2014-06-20 00:00:34,285 INFO org.apache.hadoop.mapred.LocalJobRunner: reduce > reduce
2014-06-20 00:00:34,285 INFO org.apache.hadoop.mapred.Task: Task 'attempt_local1626717835_0001_r_000000_0' done.
2014-06-20 00:00:35,269 INFO org.apache.hadoop.mapreduce.Job:  map 100% reduce 100%
2014-06-20 00:00:35,270 INFO org.apache.hadoop.mapreduce.Job: Job job_local1626717835_0001 completed successfully
2014-06-20 00:00:35,296 INFO org.apache.hadoop.mapreduce.Job: Counters: 27
	File System Counters
		FILE: Number of bytes read=1771
		FILE: Number of bytes written=349537
		FILE: Number of read operations=0
		FILE: Number of large read operations=0
		FILE: Number of write operations=0
	Map-Reduce Framework
		Map input records=2
		Map output records=45
		Map output bytes=654
		Map output materialized bytes=477
		Input split bytes=118
		Combine input records=45
		Combine output records=27
		Reduce input groups=27
		Reduce shuffle bytes=0
		Reduce input records=27
		Reduce output records=27
		Spilled Records=54
		Shuffled Maps =0
		Failed Shuffles=0
		Merged Map outputs=0
		GC time elapsed (ms)=38
		CPU time spent (ms)=0
		Physical memory (bytes) snapshot=0
		Virtual memory (bytes) snapshot=0
		Total committed heap usage (bytes)=331227136
	File Input Format Counters 
		Bytes Read=473
	File Output Format Counters 
		Bytes Written=375
2014-06-20 00:09:44,950 WARN org.apache.hadoop.util.NativeCodeLoader: Unable to load native-hadoop library for your platform... using builtin-java classes where applicable
2014-06-20 00:09:45,660 WARN org.apache.hadoop.conf.Configuration: session.id is deprecated. Instead, use dfs.metrics.session-id
2014-06-20 00:09:45,664 INFO org.apache.hadoop.metrics.jvm.JvmMetrics: Initializing JVM Metrics with processName=JobTracker, sessionId=
2014-06-20 00:09:45,756 WARN org.apache.hadoop.mapreduce.JobSubmitter: No job jar file set.  User classes may not be found. See Job or Job#setJar(String).
2014-06-20 00:09:45,765 INFO org.apache.hadoop.mapreduce.lib.input.FileInputFormat: Total input paths to process : 1
2014-06-20 00:09:45,882 INFO org.apache.hadoop.mapreduce.JobSubmitter: number of splits:1
2014-06-20 00:09:45,913 WARN org.apache.hadoop.conf.Configuration: mapred.reduce.tasks is deprecated. Instead, use mapreduce.job.reduces
2014-06-20 00:09:45,915 WARN org.apache.hadoop.conf.Configuration: mapreduce.partitioner.class is deprecated. Instead, use mapreduce.job.partitioner.class
2014-06-20 00:09:45,917 WARN org.apache.hadoop.conf.Configuration: mapred.output.value.class is deprecated. Instead, use mapreduce.job.output.value.class
2014-06-20 00:09:45,918 WARN org.apache.hadoop.conf.Configuration: mapreduce.combine.class is deprecated. Instead, use mapreduce.job.combine.class
2014-06-20 00:09:45,919 WARN org.apache.hadoop.conf.Configuration: mapreduce.map.class is deprecated. Instead, use mapreduce.job.map.class
2014-06-20 00:09:45,919 WARN org.apache.hadoop.conf.Configuration: mapred.job.name is deprecated. Instead, use mapreduce.job.name
2014-06-20 00:09:45,919 WARN org.apache.hadoop.conf.Configuration: mapreduce.reduce.class is deprecated. Instead, use mapreduce.job.reduce.class
2014-06-20 00:09:45,919 WARN org.apache.hadoop.conf.Configuration: mapred.input.dir is deprecated. Instead, use mapreduce.input.fileinputformat.inputdir
2014-06-20 00:09:45,919 WARN org.apache.hadoop.conf.Configuration: mapred.output.dir is deprecated. Instead, use mapreduce.output.fileoutputformat.outputdir
2014-06-20 00:09:45,920 WARN org.apache.hadoop.conf.Configuration: mapred.map.tasks is deprecated. Instead, use mapreduce.job.maps
2014-06-20 00:09:45,920 WARN org.apache.hadoop.conf.Configuration: mapred.output.key.class is deprecated. Instead, use mapreduce.job.output.key.class
2014-06-20 00:09:45,925 WARN org.apache.hadoop.conf.Configuration: mapred.working.dir is deprecated. Instead, use mapreduce.job.working.dir
2014-06-20 00:09:46,258 INFO org.apache.hadoop.mapreduce.JobSubmitter: Submitting tokens for job: job_local1512185039_0001
2014-06-20 00:09:47,156 INFO org.apache.hadoop.mapreduce.Job: The url to track the job: http://localhost:8080/
2014-06-20 00:09:47,157 INFO org.apache.hadoop.mapreduce.Job: Running job: job_local1512185039_0001
2014-06-20 00:09:47,159 INFO org.apache.hadoop.mapred.LocalJobRunner: OutputCommitter set in config null
2014-06-20 00:09:47,175 INFO org.apache.hadoop.mapred.LocalJobRunner: OutputCommitter is org.apache.hadoop.mapreduce.lib.output.FileOutputCommitter
2014-06-20 00:09:47,216 INFO org.apache.hadoop.mapred.LocalJobRunner: Waiting for map tasks
2014-06-20 00:09:47,221 INFO org.apache.hadoop.mapred.LocalJobRunner: Starting task: attempt_local1512185039_0001_m_000000_0
2014-06-20 00:09:47,346 INFO org.apache.hadoop.mapred.Task:  Using ResourceCalculatorProcessTree : [ ]
2014-06-20 00:09:47,350 INFO org.apache.hadoop.mapred.MapTask: Processing split: file:/home/cloudera/workspace/training/hadoopDemo.log:0+473
2014-06-20 00:09:47,386 INFO org.apache.hadoop.mapred.MapTask: Map output collector class = org.apache.hadoop.mapred.MapTask$MapOutputBuffer
2014-06-20 00:09:47,835 INFO org.apache.hadoop.mapred.MapTask: (EQUATOR) 0 kvi 26214396(104857584)
2014-06-20 00:09:47,841 INFO org.apache.hadoop.mapred.MapTask: mapreduce.task.io.sort.mb: 100
2014-06-20 00:09:47,841 INFO org.apache.hadoop.mapred.MapTask: soft limit at 83886080
2014-06-20 00:09:47,841 INFO org.apache.hadoop.mapred.MapTask: bufstart = 0; bufvoid = 104857600
2014-06-20 00:09:47,841 INFO org.apache.hadoop.mapred.MapTask: kvstart = 26214396; length = 6553600
2014-06-20 00:09:47,911 INFO org.apache.hadoop.mapred.LocalJobRunner: 
2014-06-20 00:09:47,919 INFO org.apache.hadoop.mapred.MapTask: Starting flush of map output
2014-06-20 00:09:47,919 INFO org.apache.hadoop.mapred.MapTask: Spilling map output
2014-06-20 00:09:47,919 INFO org.apache.hadoop.mapred.MapTask: bufstart = 0; bufend = 654; bufvoid = 104857600
2014-06-20 00:09:47,919 INFO org.apache.hadoop.mapred.MapTask: kvstart = 26214396(104857584); kvend = 26214220(104856880); length = 177/6553600
2014-06-20 00:09:48,082 INFO org.apache.hadoop.mapred.MapTask: Finished spill 0
2014-06-20 00:09:48,100 INFO org.apache.hadoop.mapred.Task: Task:attempt_local1512185039_0001_m_000000_0 is done. And is in the process of committing
2014-06-20 00:09:48,132 INFO org.apache.hadoop.mapred.LocalJobRunner: map
2014-06-20 00:09:48,141 INFO org.apache.hadoop.mapred.Task: Task 'attempt_local1512185039_0001_m_000000_0' done.
2014-06-20 00:09:48,142 INFO org.apache.hadoop.mapred.LocalJobRunner: Finishing task: attempt_local1512185039_0001_m_000000_0
2014-06-20 00:09:48,142 INFO org.apache.hadoop.mapred.LocalJobRunner: Map task executor complete.
2014-06-20 00:09:48,159 INFO org.apache.hadoop.mapreduce.Job: Job job_local1512185039_0001 running in uber mode : false
2014-06-20 00:09:48,162 INFO org.apache.hadoop.mapreduce.Job:  map 100% reduce 0%
2014-06-20 00:09:48,186 INFO org.apache.hadoop.mapred.Task:  Using ResourceCalculatorProcessTree : [ ]
2014-06-20 00:09:48,372 INFO org.apache.hadoop.mapred.Merger: Merging 1 sorted segments
2014-06-20 00:09:48,410 INFO org.apache.hadoop.mapred.Merger: Down to the last merge-pass, with 1 segments left of total size: 464 bytes
2014-06-20 00:09:48,410 INFO org.apache.hadoop.mapred.LocalJobRunner: 
2014-06-20 00:09:48,458 WARN org.apache.hadoop.conf.Configuration: mapred.skip.on is deprecated. Instead, use mapreduce.job.skiprecords
2014-06-20 00:09:48,461 INFO org.apache.hadoop.mapred.Task: Task:attempt_local1512185039_0001_r_000000_0 is done. And is in the process of committing
2014-06-20 00:09:48,463 INFO org.apache.hadoop.mapred.LocalJobRunner: 
2014-06-20 00:09:48,473 INFO org.apache.hadoop.mapred.Task: Task attempt_local1512185039_0001_r_000000_0 is allowed to commit now
2014-06-20 00:09:48,477 INFO org.apache.hadoop.mapreduce.lib.output.FileOutputCommitter: Saved output of task 'attempt_local1512185039_0001_r_000000_0' to file:/home/cloudera/workspace/training/output/Fri Jun 20 00:09:45 EDT 2014/_temporary/0/task_local1512185039_0001_r_000000
2014-06-20 00:09:48,478 INFO org.apache.hadoop.mapred.LocalJobRunner: reduce > reduce
2014-06-20 00:09:48,479 INFO org.apache.hadoop.mapred.Task: Task 'attempt_local1512185039_0001_r_000000_0' done.
2014-06-20 00:09:49,171 INFO org.apache.hadoop.mapreduce.Job:  map 100% reduce 100%
2014-06-20 00:09:49,171 INFO org.apache.hadoop.mapreduce.Job: Job job_local1512185039_0001 completed successfully
2014-06-20 00:09:49,195 INFO org.apache.hadoop.mapreduce.Job: Counters: 27
	File System Counters
		FILE: Number of bytes read=1771
		FILE: Number of bytes written=350803
		FILE: Number of read operations=0
		FILE: Number of large read operations=0
		FILE: Number of write operations=0
	Map-Reduce Framework
		Map input records=2
		Map output records=45
		Map output bytes=654
		Map output materialized bytes=477
		Input split bytes=118
		Combine input records=45
		Combine output records=27
		Reduce input groups=27
		Reduce shuffle bytes=0
		Reduce input records=27
		Reduce output records=27
		Spilled Records=54
		Shuffled Maps =0
		Failed Shuffles=0
		Merged Map outputs=0
		GC time elapsed (ms)=90
		CPU time spent (ms)=0
		Physical memory (bytes) snapshot=0
		Virtual memory (bytes) snapshot=0
		Total committed heap usage (bytes)=331227136
	File Input Format Counters 
		Bytes Read=473
	File Output Format Counters 
		Bytes Written=375
2014-06-20 00:12:00,319 WARN org.apache.hadoop.util.NativeCodeLoader: Unable to load native-hadoop library for your platform... using builtin-java classes where applicable
2014-06-20 00:12:01,153 WARN org.apache.hadoop.conf.Configuration: session.id is deprecated. Instead, use dfs.metrics.session-id
2014-06-20 00:12:01,160 INFO org.apache.hadoop.metrics.jvm.JvmMetrics: Initializing JVM Metrics with processName=JobTracker, sessionId=
2014-06-20 00:12:01,265 WARN org.apache.hadoop.mapreduce.JobSubmitter: No job jar file set.  User classes may not be found. See Job or Job#setJar(String).
2014-06-20 00:12:01,279 INFO org.apache.hadoop.mapreduce.lib.input.FileInputFormat: Total input paths to process : 1
2014-06-20 00:12:01,421 INFO org.apache.hadoop.mapreduce.JobSubmitter: number of splits:1
2014-06-20 00:12:01,452 WARN org.apache.hadoop.conf.Configuration: mapred.reduce.tasks is deprecated. Instead, use mapreduce.job.reduces
2014-06-20 00:12:01,453 WARN org.apache.hadoop.conf.Configuration: mapreduce.partitioner.class is deprecated. Instead, use mapreduce.job.partitioner.class
2014-06-20 00:12:01,453 WARN org.apache.hadoop.conf.Configuration: mapred.output.value.class is deprecated. Instead, use mapreduce.job.output.value.class
2014-06-20 00:12:01,454 WARN org.apache.hadoop.conf.Configuration: mapreduce.combine.class is deprecated. Instead, use mapreduce.job.combine.class
2014-06-20 00:12:01,455 WARN org.apache.hadoop.conf.Configuration: mapreduce.map.class is deprecated. Instead, use mapreduce.job.map.class
2014-06-20 00:12:01,455 WARN org.apache.hadoop.conf.Configuration: mapred.job.name is deprecated. Instead, use mapreduce.job.name
2014-06-20 00:12:01,455 WARN org.apache.hadoop.conf.Configuration: mapreduce.reduce.class is deprecated. Instead, use mapreduce.job.reduce.class
2014-06-20 00:12:01,456 WARN org.apache.hadoop.conf.Configuration: mapred.input.dir is deprecated. Instead, use mapreduce.input.fileinputformat.inputdir
2014-06-20 00:12:01,456 WARN org.apache.hadoop.conf.Configuration: mapred.output.dir is deprecated. Instead, use mapreduce.output.fileoutputformat.outputdir
2014-06-20 00:12:01,456 WARN org.apache.hadoop.conf.Configuration: mapred.map.tasks is deprecated. Instead, use mapreduce.job.maps
2014-06-20 00:12:01,457 WARN org.apache.hadoop.conf.Configuration: mapred.output.key.class is deprecated. Instead, use mapreduce.job.output.key.class
2014-06-20 00:12:01,458 WARN org.apache.hadoop.conf.Configuration: mapred.working.dir is deprecated. Instead, use mapreduce.job.working.dir
2014-06-20 00:12:01,676 INFO org.apache.hadoop.mapreduce.JobSubmitter: Submitting tokens for job: job_local29371455_0001
2014-06-20 00:12:02,439 INFO org.apache.hadoop.mapreduce.Job: The url to track the job: http://localhost:8080/
2014-06-20 00:12:02,441 INFO org.apache.hadoop.mapreduce.Job: Running job: job_local29371455_0001
2014-06-20 00:12:02,450 INFO org.apache.hadoop.mapred.LocalJobRunner: OutputCommitter set in config null
2014-06-20 00:12:02,471 INFO org.apache.hadoop.mapred.LocalJobRunner: OutputCommitter is org.apache.hadoop.mapreduce.lib.output.FileOutputCommitter
2014-06-20 00:12:02,509 INFO org.apache.hadoop.mapred.LocalJobRunner: Waiting for map tasks
2014-06-20 00:12:02,517 INFO org.apache.hadoop.mapred.LocalJobRunner: Starting task: attempt_local29371455_0001_m_000000_0
2014-06-20 00:12:02,658 INFO org.apache.hadoop.mapred.Task:  Using ResourceCalculatorProcessTree : [ ]
2014-06-20 00:12:02,700 INFO org.apache.hadoop.mapred.MapTask: Processing split: file:/home/cloudera/workspace/training/hadoopDemo.log:0+473
2014-06-20 00:12:02,738 INFO org.apache.hadoop.mapred.MapTask: Map output collector class = org.apache.hadoop.mapred.MapTask$MapOutputBuffer
2014-06-20 00:12:02,899 INFO org.apache.hadoop.mapred.MapTask: (EQUATOR) 0 kvi 26214396(104857584)
2014-06-20 00:12:02,902 INFO org.apache.hadoop.mapred.MapTask: mapreduce.task.io.sort.mb: 100
2014-06-20 00:12:02,902 INFO org.apache.hadoop.mapred.MapTask: soft limit at 83886080
2014-06-20 00:12:02,902 INFO org.apache.hadoop.mapred.MapTask: bufstart = 0; bufvoid = 104857600
2014-06-20 00:12:02,902 INFO org.apache.hadoop.mapred.MapTask: kvstart = 26214396; length = 6553600
2014-06-20 00:12:03,458 INFO org.apache.hadoop.mapreduce.Job: Job job_local29371455_0001 running in uber mode : false
2014-06-20 00:12:03,462 INFO org.apache.hadoop.mapreduce.Job:  map 0% reduce 0%
2014-06-20 00:12:08,642 INFO org.apache.hadoop.mapred.LocalJobRunner: map > map
2014-06-20 00:12:09,477 INFO org.apache.hadoop.mapreduce.Job:  map 24% reduce 0%
2014-06-20 00:12:11,149 INFO org.apache.hadoop.mapred.LocalJobRunner: map > map
2014-06-20 00:12:11,155 INFO org.apache.hadoop.mapred.MapTask: Starting flush of map output
2014-06-20 00:12:11,158 INFO org.apache.hadoop.mapred.MapTask: Spilling map output
2014-06-20 00:12:11,159 INFO org.apache.hadoop.mapred.MapTask: bufstart = 0; bufend = 654; bufvoid = 104857600
2014-06-20 00:12:11,159 INFO org.apache.hadoop.mapred.MapTask: kvstart = 26214396(104857584); kvend = 26214220(104856880); length = 177/6553600
2014-06-20 00:12:14,646 INFO org.apache.hadoop.mapred.LocalJobRunner: map > sort
2014-06-20 00:12:15,487 INFO org.apache.hadoop.mapreduce.Job:  map 67% reduce 0%
2014-06-20 00:12:16,596 INFO org.apache.hadoop.mapred.MapTask: Finished spill 0
2014-06-20 00:12:16,609 INFO org.apache.hadoop.mapred.Task: Task:attempt_local29371455_0001_m_000000_0 is done. And is in the process of committing
2014-06-20 00:12:16,629 INFO org.apache.hadoop.mapred.LocalJobRunner: map
2014-06-20 00:12:16,632 INFO org.apache.hadoop.mapred.Task: Task 'attempt_local29371455_0001_m_000000_0' done.
2014-06-20 00:12:16,633 INFO org.apache.hadoop.mapred.LocalJobRunner: Finishing task: attempt_local29371455_0001_m_000000_0
2014-06-20 00:12:16,637 INFO org.apache.hadoop.mapred.LocalJobRunner: Map task executor complete.
2014-06-20 00:12:16,704 INFO org.apache.hadoop.mapred.Task:  Using ResourceCalculatorProcessTree : [ ]
2014-06-20 00:12:16,733 INFO org.apache.hadoop.mapred.Merger: Merging 1 sorted segments
2014-06-20 00:12:16,783 INFO org.apache.hadoop.mapred.Merger: Down to the last merge-pass, with 1 segments left of total size: 464 bytes
2014-06-20 00:12:16,787 INFO org.apache.hadoop.mapred.LocalJobRunner: 
2014-06-20 00:12:16,841 WARN org.apache.hadoop.conf.Configuration: mapred.skip.on is deprecated. Instead, use mapreduce.job.skiprecords
2014-06-20 00:12:16,856 INFO org.apache.hadoop.mapred.Task: Task:attempt_local29371455_0001_r_000000_0 is done. And is in the process of committing
2014-06-20 00:12:16,858 INFO org.apache.hadoop.mapred.LocalJobRunner: 
2014-06-20 00:12:16,858 INFO org.apache.hadoop.mapred.Task: Task attempt_local29371455_0001_r_000000_0 is allowed to commit now
2014-06-20 00:12:16,873 INFO org.apache.hadoop.mapreduce.lib.output.FileOutputCommitter: Saved output of task 'attempt_local29371455_0001_r_000000_0' to file:/home/cloudera/workspace/training/output/Fri Jun 20 00:12:00 EDT 2014/_temporary/0/task_local29371455_0001_r_000000
2014-06-20 00:12:16,881 INFO org.apache.hadoop.mapred.LocalJobRunner: reduce > reduce
2014-06-20 00:12:16,882 INFO org.apache.hadoop.mapred.Task: Task 'attempt_local29371455_0001_r_000000_0' done.
2014-06-20 00:12:17,492 INFO org.apache.hadoop.mapreduce.Job:  map 100% reduce 100%
2014-06-20 00:12:17,493 INFO org.apache.hadoop.mapreduce.Job: Job job_local29371455_0001 completed successfully
2014-06-20 00:12:17,517 INFO org.apache.hadoop.mapreduce.Job: Counters: 27
	File System Counters
		FILE: Number of bytes read=1771
		FILE: Number of bytes written=347123
		FILE: Number of read operations=0
		FILE: Number of large read operations=0
		FILE: Number of write operations=0
	Map-Reduce Framework
		Map input records=2
		Map output records=45
		Map output bytes=654
		Map output materialized bytes=477
		Input split bytes=118
		Combine input records=45
		Combine output records=27
		Reduce input groups=27
		Reduce shuffle bytes=0
		Reduce input records=27
		Reduce output records=27
		Spilled Records=54
		Shuffled Maps =0
		Failed Shuffles=0
		Merged Map outputs=0
		GC time elapsed (ms)=62
		CPU time spent (ms)=0
		Physical memory (bytes) snapshot=0
		Virtual memory (bytes) snapshot=0
		Total committed heap usage (bytes)=331227136
	File Input Format Counters 
		Bytes Read=473
	File Output Format Counters 
		Bytes Written=375
2014-06-20 00:24:21,693 WARN org.apache.hadoop.util.NativeCodeLoader: Unable to load native-hadoop library for your platform... using builtin-java classes where applicable
2014-06-20 00:24:22,476 WARN org.apache.hadoop.conf.Configuration: session.id is deprecated. Instead, use dfs.metrics.session-id
2014-06-20 00:24:22,477 INFO org.apache.hadoop.metrics.jvm.JvmMetrics: Initializing JVM Metrics with processName=JobTracker, sessionId=
2014-06-20 00:24:22,522 INFO org.apache.hadoop.metrics.jvm.JvmMetrics: Cannot initialize JVM Metrics with processName=JobTracker, sessionId= - already initialized
2014-06-20 00:24:22,551 ERROR org.apache.hadoop.security.UserGroupInformation: PriviledgedActionException as:cloudera (auth:SIMPLE) cause:org.apache.hadoop.mapred.FileAlreadyExistsException: Output directory file:/home/cloudera/workspace/training/output already exists
2014-06-20 00:24:22,556 ERROR org.apache.hadoop.security.UserGroupInformation: PriviledgedActionException as:cloudera (auth:SIMPLE) cause:org.apache.hadoop.mapred.FileAlreadyExistsException: Output directory file:/home/cloudera/workspace/training/output already exists
2014-06-20 00:25:24,778 WARN org.apache.hadoop.util.NativeCodeLoader: Unable to load native-hadoop library for your platform... using builtin-java classes where applicable
2014-06-20 00:25:25,522 WARN org.apache.hadoop.conf.Configuration: session.id is deprecated. Instead, use dfs.metrics.session-id
2014-06-20 00:25:25,528 INFO org.apache.hadoop.metrics.jvm.JvmMetrics: Initializing JVM Metrics with processName=JobTracker, sessionId=
2014-06-20 00:25:25,578 INFO org.apache.hadoop.metrics.jvm.JvmMetrics: Cannot initialize JVM Metrics with processName=JobTracker, sessionId= - already initialized
2014-06-20 00:25:25,642 WARN org.apache.hadoop.mapreduce.JobSubmitter: Use GenericOptionsParser for parsing the arguments. Applications should implement Tool for the same.
2014-06-20 00:25:25,654 WARN org.apache.hadoop.mapreduce.JobSubmitter: No job jar file set.  User classes may not be found. See Job or Job#setJar(String).
2014-06-20 00:25:25,685 INFO org.apache.hadoop.mapred.FileInputFormat: Total input paths to process : 1
2014-06-20 00:25:25,792 INFO org.apache.hadoop.mapreduce.JobSubmitter: number of splits:1
2014-06-20 00:25:25,826 WARN org.apache.hadoop.conf.Configuration: mapred.reduce.tasks is deprecated. Instead, use mapreduce.job.reduces
2014-06-20 00:25:25,827 WARN org.apache.hadoop.conf.Configuration: mapred.output.value.class is deprecated. Instead, use mapreduce.job.output.value.class
2014-06-20 00:25:25,828 WARN org.apache.hadoop.conf.Configuration: mapred.job.name is deprecated. Instead, use mapreduce.job.name
2014-06-20 00:25:25,828 WARN org.apache.hadoop.conf.Configuration: mapred.input.dir is deprecated. Instead, use mapreduce.input.fileinputformat.inputdir
2014-06-20 00:25:25,829 WARN org.apache.hadoop.conf.Configuration: mapred.output.dir is deprecated. Instead, use mapreduce.output.fileoutputformat.outputdir
2014-06-20 00:25:25,830 WARN org.apache.hadoop.conf.Configuration: mapred.map.tasks is deprecated. Instead, use mapreduce.job.maps
2014-06-20 00:25:25,830 WARN org.apache.hadoop.conf.Configuration: mapred.output.key.class is deprecated. Instead, use mapreduce.job.output.key.class
2014-06-20 00:25:25,832 WARN org.apache.hadoop.conf.Configuration: mapred.working.dir is deprecated. Instead, use mapreduce.job.working.dir
2014-06-20 00:25:26,134 INFO org.apache.hadoop.mapreduce.JobSubmitter: Submitting tokens for job: job_local1353286910_0001
2014-06-20 00:25:26,880 INFO org.apache.hadoop.mapreduce.Job: The url to track the job: http://localhost:8080/
2014-06-20 00:25:26,883 INFO org.apache.hadoop.mapreduce.Job: Running job: job_local1353286910_0001
2014-06-20 00:25:26,885 INFO org.apache.hadoop.mapred.LocalJobRunner: OutputCommitter set in config null
2014-06-20 00:25:26,888 INFO org.apache.hadoop.mapred.LocalJobRunner: OutputCommitter is org.apache.hadoop.mapred.FileOutputCommitter
2014-06-20 00:25:26,928 INFO org.apache.hadoop.mapred.LocalJobRunner: Waiting for map tasks
2014-06-20 00:25:26,931 INFO org.apache.hadoop.mapred.LocalJobRunner: Starting task: attempt_local1353286910_0001_m_000000_0
2014-06-20 00:25:27,047 INFO org.apache.hadoop.mapred.Task:  Using ResourceCalculatorProcessTree : [ ]
2014-06-20 00:25:27,074 INFO org.apache.hadoop.mapred.MapTask: Processing split: file:/home/cloudera/workspace/training/hadoop.log:0+26364
2014-06-20 00:25:27,106 INFO org.apache.hadoop.mapred.MapTask: numReduceTasks: 1
2014-06-20 00:25:27,123 INFO org.apache.hadoop.mapred.MapTask: Map output collector class = org.apache.hadoop.mapred.MapTask$MapOutputBuffer
2014-06-20 00:25:27,478 INFO org.apache.hadoop.mapred.MapTask: (EQUATOR) 0 kvi 26214396(104857584)
2014-06-20 00:25:27,483 INFO org.apache.hadoop.mapred.MapTask: mapreduce.task.io.sort.mb: 100
2014-06-20 00:25:27,483 INFO org.apache.hadoop.mapred.MapTask: soft limit at 83886080
2014-06-20 00:25:27,483 INFO org.apache.hadoop.mapred.MapTask: bufstart = 0; bufvoid = 104857600
2014-06-20 00:25:27,483 INFO org.apache.hadoop.mapred.MapTask: kvstart = 26214396; length = 6553600
2014-06-20 00:25:27,645 INFO org.apache.hadoop.mapred.LocalJobRunner: 
2014-06-20 00:25:27,649 INFO org.apache.hadoop.mapred.MapTask: Starting flush of map output
2014-06-20 00:25:27,650 INFO org.apache.hadoop.mapred.MapTask: Spilling map output
2014-06-20 00:25:27,651 INFO org.apache.hadoop.mapred.MapTask: bufstart = 0; bufend = 35118; bufvoid = 104857600
2014-06-20 00:25:27,652 INFO org.apache.hadoop.mapred.MapTask: kvstart = 26214396(104857584); kvend = 26205544(104822176); length = 8853/6553600
2014-06-20 00:25:27,876 INFO org.apache.hadoop.mapred.MapTask: Finished spill 0
2014-06-20 00:25:27,886 INFO org.apache.hadoop.mapred.Task: Task:attempt_local1353286910_0001_m_000000_0 is done. And is in the process of committing
2014-06-20 00:25:27,887 INFO org.apache.hadoop.mapreduce.Job: Job job_local1353286910_0001 running in uber mode : false
2014-06-20 00:25:27,890 INFO org.apache.hadoop.mapreduce.Job:  map 0% reduce 0%
2014-06-20 00:25:27,919 INFO org.apache.hadoop.mapred.LocalJobRunner: file:/home/cloudera/workspace/training/hadoop.log:0+26364
2014-06-20 00:25:27,923 INFO org.apache.hadoop.mapred.Task: Task 'attempt_local1353286910_0001_m_000000_0' done.
2014-06-20 00:25:27,923 INFO org.apache.hadoop.mapred.LocalJobRunner: Finishing task: attempt_local1353286910_0001_m_000000_0
2014-06-20 00:25:27,923 INFO org.apache.hadoop.mapred.LocalJobRunner: Map task executor complete.
2014-06-20 00:25:27,956 INFO org.apache.hadoop.mapred.Task:  Using ResourceCalculatorProcessTree : [ ]
2014-06-20 00:25:27,968 INFO org.apache.hadoop.mapred.Merger: Merging 1 sorted segments
2014-06-20 00:25:27,985 INFO org.apache.hadoop.mapred.Merger: Down to the last merge-pass, with 1 segments left of total size: 9180 bytes
2014-06-20 00:25:27,989 INFO org.apache.hadoop.mapred.LocalJobRunner: 
2014-06-20 00:25:28,085 INFO org.apache.hadoop.mapred.Task: Task:attempt_local1353286910_0001_r_000000_0 is done. And is in the process of committing
2014-06-20 00:25:28,086 INFO org.apache.hadoop.mapred.LocalJobRunner: 
2014-06-20 00:25:28,090 INFO org.apache.hadoop.mapred.Task: Task attempt_local1353286910_0001_r_000000_0 is allowed to commit now
2014-06-20 00:25:28,091 INFO org.apache.hadoop.mapreduce.lib.output.FileOutputCommitter: Saved output of task 'attempt_local1353286910_0001_r_000000_0' to file:/home/cloudera/workspace/training/output/Fri Jun 20 00:25:25 EDT 2014/_temporary/0/task_local1353286910_0001_r_000000
2014-06-20 00:25:28,098 INFO org.apache.hadoop.mapred.LocalJobRunner: reduce > reduce
2014-06-20 00:25:28,098 INFO org.apache.hadoop.mapred.Task: Task 'attempt_local1353286910_0001_r_000000_0' done.
2014-06-20 00:25:28,892 INFO org.apache.hadoop.mapreduce.Job:  map 100% reduce 100%
2014-06-20 00:25:28,893 INFO org.apache.hadoop.mapreduce.Job: Job job_local1353286910_0001 completed successfully
2014-06-20 00:25:28,926 INFO org.apache.hadoop.mapreduce.Job: Counters: 27
	File System Counters
		FILE: Number of bytes read=66886
		FILE: Number of bytes written=374401
		FILE: Number of read operations=0
		FILE: Number of large read operations=0
		FILE: Number of write operations=0
	Map-Reduce Framework
		Map input records=289
		Map output records=2214
		Map output bytes=35118
		Map output materialized bytes=9228
		Input split bytes=101
		Combine input records=2214
		Combine output records=464
		Reduce input groups=464
		Reduce shuffle bytes=0
		Reduce input records=464
		Reduce output records=464
		Spilled Records=928
		Shuffled Maps =0
		Failed Shuffles=0
		Merged Map outputs=0
		GC time elapsed (ms)=73
		CPU time spent (ms)=0
		Physical memory (bytes) snapshot=0
		Virtual memory (bytes) snapshot=0
		Total committed heap usage (bytes)=331227136
	File Input Format Counters 
		Bytes Read=28672
	File Output Format Counters 
		Bytes Written=7469
2014-06-20 00:26:27,155 WARN org.apache.hadoop.util.NativeCodeLoader: Unable to load native-hadoop library for your platform... using builtin-java classes where applicable
2014-06-20 00:26:28,029 WARN org.apache.hadoop.conf.Configuration: session.id is deprecated. Instead, use dfs.metrics.session-id
2014-06-20 00:26:28,034 INFO org.apache.hadoop.metrics.jvm.JvmMetrics: Initializing JVM Metrics with processName=JobTracker, sessionId=
2014-06-20 00:26:28,085 INFO org.apache.hadoop.metrics.jvm.JvmMetrics: Cannot initialize JVM Metrics with processName=JobTracker, sessionId= - already initialized
2014-06-20 00:26:28,170 WARN org.apache.hadoop.mapreduce.JobSubmitter: Use GenericOptionsParser for parsing the arguments. Applications should implement Tool for the same.
2014-06-20 00:26:28,205 WARN org.apache.hadoop.mapreduce.JobSubmitter: No job jar file set.  User classes may not be found. See Job or Job#setJar(String).
2014-06-20 00:26:28,245 INFO org.apache.hadoop.mapred.FileInputFormat: Total input paths to process : 1
2014-06-20 00:26:28,460 INFO org.apache.hadoop.mapreduce.JobSubmitter: number of splits:1
2014-06-20 00:26:28,529 WARN org.apache.hadoop.conf.Configuration: mapred.reduce.tasks is deprecated. Instead, use mapreduce.job.reduces
2014-06-20 00:26:28,539 WARN org.apache.hadoop.conf.Configuration: mapred.output.value.class is deprecated. Instead, use mapreduce.job.output.value.class
2014-06-20 00:26:28,540 WARN org.apache.hadoop.conf.Configuration: mapred.job.name is deprecated. Instead, use mapreduce.job.name
2014-06-20 00:26:28,541 WARN org.apache.hadoop.conf.Configuration: mapred.input.dir is deprecated. Instead, use mapreduce.input.fileinputformat.inputdir
2014-06-20 00:26:28,544 WARN org.apache.hadoop.conf.Configuration: mapred.output.dir is deprecated. Instead, use mapreduce.output.fileoutputformat.outputdir
2014-06-20 00:26:28,545 WARN org.apache.hadoop.conf.Configuration: mapred.map.tasks is deprecated. Instead, use mapreduce.job.maps
2014-06-20 00:26:28,545 WARN org.apache.hadoop.conf.Configuration: mapred.output.key.class is deprecated. Instead, use mapreduce.job.output.key.class
2014-06-20 00:26:28,546 WARN org.apache.hadoop.conf.Configuration: mapred.working.dir is deprecated. Instead, use mapreduce.job.working.dir
2014-06-20 00:26:28,842 INFO org.apache.hadoop.mapreduce.JobSubmitter: Submitting tokens for job: job_local654399254_0001
2014-06-20 00:26:29,639 INFO org.apache.hadoop.mapreduce.Job: The url to track the job: http://localhost:8080/
2014-06-20 00:26:29,654 INFO org.apache.hadoop.mapred.LocalJobRunner: OutputCommitter set in config null
2014-06-20 00:26:29,656 INFO org.apache.hadoop.mapred.LocalJobRunner: OutputCommitter is org.apache.hadoop.mapred.FileOutputCommitter
2014-06-20 00:26:29,657 INFO org.apache.hadoop.mapreduce.Job: Running job: job_local654399254_0001
2014-06-20 00:26:29,697 INFO org.apache.hadoop.mapred.LocalJobRunner: Waiting for map tasks
2014-06-20 00:26:29,713 INFO org.apache.hadoop.mapred.LocalJobRunner: Starting task: attempt_local654399254_0001_m_000000_0
2014-06-20 00:26:29,883 INFO org.apache.hadoop.mapred.Task:  Using ResourceCalculatorProcessTree : [ ]
2014-06-20 00:26:29,925 INFO org.apache.hadoop.mapred.MapTask: Processing split: file:/home/cloudera/workspace/training/hadoop.log:0+34153
2014-06-20 00:26:29,962 INFO org.apache.hadoop.mapred.MapTask: numReduceTasks: 1
2014-06-20 00:26:30,002 INFO org.apache.hadoop.mapred.MapTask: Map output collector class = org.apache.hadoop.mapred.MapTask$MapOutputBuffer
2014-06-20 00:26:30,198 INFO org.apache.hadoop.mapred.MapTask: (EQUATOR) 0 kvi 26214396(104857584)
2014-06-20 00:26:30,198 INFO org.apache.hadoop.mapred.MapTask: mapreduce.task.io.sort.mb: 100
2014-06-20 00:26:30,198 INFO org.apache.hadoop.mapred.MapTask: soft limit at 83886080
2014-06-20 00:26:30,199 INFO org.apache.hadoop.mapred.MapTask: bufstart = 0; bufvoid = 104857600
2014-06-20 00:26:30,199 INFO org.apache.hadoop.mapred.MapTask: kvstart = 26214396; length = 6553600
2014-06-20 00:26:30,454 INFO org.apache.hadoop.mapred.LocalJobRunner: 
2014-06-20 00:26:30,457 INFO org.apache.hadoop.mapred.MapTask: Starting flush of map output
2014-06-20 00:26:30,458 INFO org.apache.hadoop.mapred.MapTask: Spilling map output
2014-06-20 00:26:30,458 INFO org.apache.hadoop.mapred.MapTask: bufstart = 0; bufend = 45475; bufvoid = 104857600
2014-06-20 00:26:30,458 INFO org.apache.hadoop.mapred.MapTask: kvstart = 26214396(104857584); kvend = 26202908(104811632); length = 11489/6553600
2014-06-20 00:26:30,664 INFO org.apache.hadoop.mapreduce.Job: Job job_local654399254_0001 running in uber mode : false
2014-06-20 00:26:30,669 INFO org.apache.hadoop.mapreduce.Job:  map 0% reduce 0%
2014-06-20 00:26:30,819 INFO org.apache.hadoop.mapred.MapTask: Finished spill 0
2014-06-20 00:26:30,837 INFO org.apache.hadoop.mapred.Task: Task:attempt_local654399254_0001_m_000000_0 is done. And is in the process of committing
2014-06-20 00:26:30,864 INFO org.apache.hadoop.mapred.LocalJobRunner: file:/home/cloudera/workspace/training/hadoop.log:0+34153
2014-06-20 00:26:30,864 INFO org.apache.hadoop.mapred.Task: Task 'attempt_local654399254_0001_m_000000_0' done.
2014-06-20 00:26:30,864 INFO org.apache.hadoop.mapred.LocalJobRunner: Finishing task: attempt_local654399254_0001_m_000000_0
2014-06-20 00:26:30,865 INFO org.apache.hadoop.mapred.LocalJobRunner: Map task executor complete.
2014-06-20 00:26:30,910 INFO org.apache.hadoop.mapred.Task:  Using ResourceCalculatorProcessTree : [ ]
2014-06-20 00:26:30,927 INFO org.apache.hadoop.mapred.Merger: Merging 1 sorted segments
2014-06-20 00:26:30,951 INFO org.apache.hadoop.mapred.Merger: Down to the last merge-pass, with 1 segments left of total size: 10961 bytes
2014-06-20 00:26:30,953 INFO org.apache.hadoop.mapred.LocalJobRunner: 
2014-06-20 00:26:31,078 INFO org.apache.hadoop.mapred.Task: Task:attempt_local654399254_0001_r_000000_0 is done. And is in the process of committing
2014-06-20 00:26:31,079 INFO org.apache.hadoop.mapred.LocalJobRunner: 
2014-06-20 00:26:31,080 INFO org.apache.hadoop.mapred.Task: Task attempt_local654399254_0001_r_000000_0 is allowed to commit now
2014-06-20 00:26:31,081 INFO org.apache.hadoop.mapreduce.lib.output.FileOutputCommitter: Saved output of task 'attempt_local654399254_0001_r_000000_0' to file:/home/cloudera/workspace/training/output/Fri Jun 20 00:26:27 EDT 2014/_temporary/0/task_local654399254_0001_r_000000
2014-06-20 00:26:31,083 INFO org.apache.hadoop.mapred.LocalJobRunner: reduce > reduce
2014-06-20 00:26:31,083 INFO org.apache.hadoop.mapred.Task: Task 'attempt_local654399254_0001_r_000000_0' done.
2014-06-20 00:26:31,673 INFO org.apache.hadoop.mapreduce.Job:  map 100% reduce 100%
2014-06-20 00:26:31,675 INFO org.apache.hadoop.mapreduce.Job: Job job_local654399254_0001 completed successfully
2014-06-20 00:26:31,742 INFO org.apache.hadoop.mapreduce.Job: Counters: 27
	File System Counters
		FILE: Number of bytes read=85051
		FILE: Number of bytes written=377600
		FILE: Number of read operations=0
		FILE: Number of large read operations=0
		FILE: Number of write operations=0
	Map-Reduce Framework
		Map input records=378
		Map output records=2873
		Map output bytes=45475
		Map output materialized bytes=11009
		Input split bytes=101
		Combine input records=2873
		Combine output records=543
		Reduce input groups=543
		Reduce shuffle bytes=0
		Reduce input records=543
		Reduce output records=543
		Spilled Records=1086
		Shuffled Maps =0
		Failed Shuffles=0
		Merged Map outputs=0
		GC time elapsed (ms)=86
		CPU time spent (ms)=0
		Physical memory (bytes) snapshot=0
		Virtual memory (bytes) snapshot=0
		Total committed heap usage (bytes)=331227136
	File Input Format Counters 
		Bytes Read=36864
	File Output Format Counters 
		Bytes Written=8954
2014-06-20 00:27:16,935 WARN org.apache.hadoop.util.NativeCodeLoader: Unable to load native-hadoop library for your platform... using builtin-java classes where applicable
2014-06-20 00:27:17,882 WARN org.apache.hadoop.conf.Configuration: session.id is deprecated. Instead, use dfs.metrics.session-id
2014-06-20 00:27:17,883 INFO org.apache.hadoop.metrics.jvm.JvmMetrics: Initializing JVM Metrics with processName=JobTracker, sessionId=
2014-06-20 00:27:17,949 INFO org.apache.hadoop.metrics.jvm.JvmMetrics: Cannot initialize JVM Metrics with processName=JobTracker, sessionId= - already initialized
2014-06-20 00:27:18,057 WARN org.apache.hadoop.mapreduce.JobSubmitter: Use GenericOptionsParser for parsing the arguments. Applications should implement Tool for the same.
2014-06-20 00:27:18,091 WARN org.apache.hadoop.mapreduce.JobSubmitter: No job jar file set.  User classes may not be found. See Job or Job#setJar(String).
2014-06-20 00:27:18,152 INFO org.apache.hadoop.mapred.FileInputFormat: Total input paths to process : 1
2014-06-20 00:27:18,325 INFO org.apache.hadoop.mapreduce.JobSubmitter: number of splits:1
2014-06-20 00:27:18,408 WARN org.apache.hadoop.conf.Configuration: mapred.reduce.tasks is deprecated. Instead, use mapreduce.job.reduces
2014-06-20 00:27:18,409 WARN org.apache.hadoop.conf.Configuration: mapred.output.value.class is deprecated. Instead, use mapreduce.job.output.value.class
2014-06-20 00:27:18,424 WARN org.apache.hadoop.conf.Configuration: mapred.job.name is deprecated. Instead, use mapreduce.job.name
2014-06-20 00:27:18,427 WARN org.apache.hadoop.conf.Configuration: mapred.input.dir is deprecated. Instead, use mapreduce.input.fileinputformat.inputdir
2014-06-20 00:27:18,428 WARN org.apache.hadoop.conf.Configuration: mapred.output.dir is deprecated. Instead, use mapreduce.output.fileoutputformat.outputdir
2014-06-20 00:27:18,428 WARN org.apache.hadoop.conf.Configuration: mapred.map.tasks is deprecated. Instead, use mapreduce.job.maps
2014-06-20 00:27:18,429 WARN org.apache.hadoop.conf.Configuration: mapred.output.key.class is deprecated. Instead, use mapreduce.job.output.key.class
2014-06-20 00:27:18,434 WARN org.apache.hadoop.conf.Configuration: mapred.working.dir is deprecated. Instead, use mapreduce.job.working.dir
2014-06-20 00:27:18,794 INFO org.apache.hadoop.mapreduce.JobSubmitter: Submitting tokens for job: job_local1543345128_0001
2014-06-20 00:27:19,578 INFO org.apache.hadoop.mapreduce.Job: The url to track the job: http://localhost:8080/
2014-06-20 00:27:19,580 INFO org.apache.hadoop.mapreduce.Job: Running job: job_local1543345128_0001
2014-06-20 00:27:19,595 INFO org.apache.hadoop.mapred.LocalJobRunner: OutputCommitter set in config null
2014-06-20 00:27:19,606 INFO org.apache.hadoop.mapred.LocalJobRunner: OutputCommitter is org.apache.hadoop.mapred.FileOutputCommitter
2014-06-20 00:27:19,653 INFO org.apache.hadoop.mapred.LocalJobRunner: Waiting for map tasks
2014-06-20 00:27:19,665 INFO org.apache.hadoop.mapred.LocalJobRunner: Starting task: attempt_local1543345128_0001_m_000000_0
2014-06-20 00:27:19,817 INFO org.apache.hadoop.mapred.Task:  Using ResourceCalculatorProcessTree : [ ]
2014-06-20 00:27:19,839 INFO org.apache.hadoop.mapred.MapTask: Processing split: file:/home/cloudera/workspace/training/hadoop.log:0+41933
2014-06-20 00:27:19,870 INFO org.apache.hadoop.mapred.MapTask: numReduceTasks: 1
2014-06-20 00:27:19,894 INFO org.apache.hadoop.mapred.MapTask: Map output collector class = org.apache.hadoop.mapred.MapTask$MapOutputBuffer
2014-06-20 00:27:20,074 INFO org.apache.hadoop.mapred.MapTask: (EQUATOR) 0 kvi 26214396(104857584)
2014-06-20 00:27:20,077 INFO org.apache.hadoop.mapred.MapTask: mapreduce.task.io.sort.mb: 100
2014-06-20 00:27:20,079 INFO org.apache.hadoop.mapred.MapTask: soft limit at 83886080
2014-06-20 00:27:20,081 INFO org.apache.hadoop.mapred.MapTask: bufstart = 0; bufvoid = 104857600
2014-06-20 00:27:20,081 INFO org.apache.hadoop.mapred.MapTask: kvstart = 26214396; length = 6553600
2014-06-20 00:27:20,340 INFO org.apache.hadoop.mapred.LocalJobRunner: 
2014-06-20 00:27:20,341 INFO org.apache.hadoop.mapred.MapTask: Starting flush of map output
2014-06-20 00:27:20,342 INFO org.apache.hadoop.mapred.MapTask: Spilling map output
2014-06-20 00:27:20,342 INFO org.apache.hadoop.mapred.MapTask: bufstart = 0; bufend = 55823; bufvoid = 104857600
2014-06-20 00:27:20,343 INFO org.apache.hadoop.mapred.MapTask: kvstart = 26214396(104857584); kvend = 26200272(104801088); length = 14125/6553600
2014-06-20 00:27:20,612 INFO org.apache.hadoop.mapreduce.Job: Job job_local1543345128_0001 running in uber mode : false
2014-06-20 00:27:20,615 INFO org.apache.hadoop.mapreduce.Job:  map 0% reduce 0%
2014-06-20 00:27:20,666 INFO org.apache.hadoop.mapred.MapTask: Finished spill 0
2014-06-20 00:27:20,683 INFO org.apache.hadoop.mapred.Task: Task:attempt_local1543345128_0001_m_000000_0 is done. And is in the process of committing
2014-06-20 00:27:20,711 INFO org.apache.hadoop.mapred.LocalJobRunner: file:/home/cloudera/workspace/training/hadoop.log:0+41933
2014-06-20 00:27:20,714 INFO org.apache.hadoop.mapred.Task: Task 'attempt_local1543345128_0001_m_000000_0' done.
2014-06-20 00:27:20,714 INFO org.apache.hadoop.mapred.LocalJobRunner: Finishing task: attempt_local1543345128_0001_m_000000_0
2014-06-20 00:27:20,716 INFO org.apache.hadoop.mapred.LocalJobRunner: Map task executor complete.
2014-06-20 00:27:20,775 INFO org.apache.hadoop.mapred.Task:  Using ResourceCalculatorProcessTree : [ ]
2014-06-20 00:27:20,794 INFO org.apache.hadoop.mapred.Merger: Merging 1 sorted segments
2014-06-20 00:27:20,823 INFO org.apache.hadoop.mapred.Merger: Down to the last merge-pass, with 1 segments left of total size: 12630 bytes
2014-06-20 00:27:20,824 INFO org.apache.hadoop.mapred.LocalJobRunner: 
2014-06-20 00:27:20,916 INFO org.apache.hadoop.mapred.Task: Task:attempt_local1543345128_0001_r_000000_0 is done. And is in the process of committing
2014-06-20 00:27:20,917 INFO org.apache.hadoop.mapred.LocalJobRunner: 
2014-06-20 00:27:20,917 INFO org.apache.hadoop.mapred.Task: Task attempt_local1543345128_0001_r_000000_0 is allowed to commit now
2014-06-20 00:27:20,919 INFO org.apache.hadoop.mapreduce.lib.output.FileOutputCommitter: Saved output of task 'attempt_local1543345128_0001_r_000000_0' to file:/home/cloudera/workspace/training/output/Fri Jun 20 00:27:17 EDT 2014/_temporary/0/task_local1543345128_0001_r_000000
2014-06-20 00:27:20,921 INFO org.apache.hadoop.mapred.LocalJobRunner: reduce > reduce
2014-06-20 00:27:20,921 INFO org.apache.hadoop.mapred.Task: Task 'attempt_local1543345128_0001_r_000000_0' done.
2014-06-20 00:27:21,626 INFO org.apache.hadoop.mapreduce.Job:  map 100% reduce 100%
2014-06-20 00:27:21,628 INFO org.apache.hadoop.mapreduce.Job: Job job_local1543345128_0001 completed successfully
2014-06-20 00:27:21,672 INFO org.apache.hadoop.mapreduce.Job: Counters: 27
	File System Counters
		FILE: Number of bytes read=103010
		FILE: Number of bytes written=384202
		FILE: Number of read operations=0
		FILE: Number of large read operations=0
		FILE: Number of write operations=0
	Map-Reduce Framework
		Map input records=467
		Map output records=3532
		Map output bytes=55823
		Map output materialized bytes=12678
		Input split bytes=101
		Combine input records=3532
		Combine output records=618
		Reduce input groups=618
		Reduce shuffle bytes=0
		Reduce input records=618
		Reduce output records=618
		Spilled Records=1236
		Shuffled Maps =0
		Failed Shuffles=0
		Merged Map outputs=0
		GC time elapsed (ms)=77
		CPU time spent (ms)=0
		Physical memory (bytes) snapshot=0
		Virtual memory (bytes) snapshot=0
		Total committed heap usage (bytes)=331227136
	File Input Format Counters 
		Bytes Read=45009
	File Output Format Counters 
		Bytes Written=10370
2014-06-20 00:29:50,542 WARN org.apache.hadoop.util.NativeCodeLoader: Unable to load native-hadoop library for your platform... using builtin-java classes where applicable
2014-06-20 00:29:51,514 WARN org.apache.hadoop.conf.Configuration: session.id is deprecated. Instead, use dfs.metrics.session-id
2014-06-20 00:29:51,515 INFO org.apache.hadoop.metrics.jvm.JvmMetrics: Initializing JVM Metrics with processName=JobTracker, sessionId=
2014-06-20 00:29:51,574 INFO org.apache.hadoop.metrics.jvm.JvmMetrics: Cannot initialize JVM Metrics with processName=JobTracker, sessionId= - already initialized
2014-06-20 00:29:51,668 WARN org.apache.hadoop.mapreduce.JobSubmitter: Use GenericOptionsParser for parsing the arguments. Applications should implement Tool for the same.
2014-06-20 00:29:51,692 WARN org.apache.hadoop.mapreduce.JobSubmitter: No job jar file set.  User classes may not be found. See Job or Job#setJar(String).
2014-06-20 00:29:51,736 INFO org.apache.hadoop.mapred.FileInputFormat: Total input paths to process : 1
2014-06-20 00:29:51,881 INFO org.apache.hadoop.mapreduce.JobSubmitter: number of splits:1
2014-06-20 00:29:51,952 WARN org.apache.hadoop.conf.Configuration: mapred.reduce.tasks is deprecated. Instead, use mapreduce.job.reduces
2014-06-20 00:29:51,952 WARN org.apache.hadoop.conf.Configuration: mapred.output.value.class is deprecated. Instead, use mapreduce.job.output.value.class
2014-06-20 00:29:51,955 WARN org.apache.hadoop.conf.Configuration: mapred.job.name is deprecated. Instead, use mapreduce.job.name
2014-06-20 00:29:51,957 WARN org.apache.hadoop.conf.Configuration: mapred.input.dir is deprecated. Instead, use mapreduce.input.fileinputformat.inputdir
2014-06-20 00:29:51,957 WARN org.apache.hadoop.conf.Configuration: mapred.output.dir is deprecated. Instead, use mapreduce.output.fileoutputformat.outputdir
2014-06-20 00:29:51,960 WARN org.apache.hadoop.conf.Configuration: mapred.map.tasks is deprecated. Instead, use mapreduce.job.maps
2014-06-20 00:29:51,961 WARN org.apache.hadoop.conf.Configuration: mapred.output.key.class is deprecated. Instead, use mapreduce.job.output.key.class
2014-06-20 00:29:51,963 WARN org.apache.hadoop.conf.Configuration: mapred.working.dir is deprecated. Instead, use mapreduce.job.working.dir
2014-06-20 00:29:52,196 INFO org.apache.hadoop.mapreduce.JobSubmitter: Submitting tokens for job: job_local905880436_0001
2014-06-20 00:29:53,026 INFO org.apache.hadoop.mapreduce.Job: The url to track the job: http://localhost:8080/
2014-06-20 00:29:53,029 INFO org.apache.hadoop.mapreduce.Job: Running job: job_local905880436_0001
2014-06-20 00:29:53,040 INFO org.apache.hadoop.mapred.LocalJobRunner: OutputCommitter set in config null
2014-06-20 00:29:53,048 INFO org.apache.hadoop.mapred.LocalJobRunner: OutputCommitter is org.apache.hadoop.mapred.FileOutputCommitter
2014-06-20 00:29:53,093 INFO org.apache.hadoop.mapred.LocalJobRunner: Waiting for map tasks
2014-06-20 00:29:53,112 INFO org.apache.hadoop.mapred.LocalJobRunner: Starting task: attempt_local905880436_0001_m_000000_0
2014-06-20 00:29:53,280 INFO org.apache.hadoop.mapred.Task:  Using ResourceCalculatorProcessTree : [ ]
2014-06-20 00:29:53,353 INFO org.apache.hadoop.mapred.MapTask: Processing split: file:/home/cloudera/workspace/training/hadoop.log:0+49728
2014-06-20 00:29:53,423 INFO org.apache.hadoop.mapred.MapTask: numReduceTasks: 1
2014-06-20 00:29:53,456 INFO org.apache.hadoop.mapred.MapTask: Map output collector class = org.apache.hadoop.mapred.MapTask$MapOutputBuffer
2014-06-20 00:29:53,736 INFO org.apache.hadoop.mapred.MapTask: (EQUATOR) 0 kvi 26214396(104857584)
2014-06-20 00:29:53,744 INFO org.apache.hadoop.mapred.MapTask: mapreduce.task.io.sort.mb: 100
2014-06-20 00:29:53,745 INFO org.apache.hadoop.mapred.MapTask: soft limit at 83886080
2014-06-20 00:29:53,745 INFO org.apache.hadoop.mapred.MapTask: bufstart = 0; bufvoid = 104857600
2014-06-20 00:29:53,745 INFO org.apache.hadoop.mapred.MapTask: kvstart = 26214396; length = 6553600
2014-06-20 00:29:54,057 INFO org.apache.hadoop.mapreduce.Job: Job job_local905880436_0001 running in uber mode : false
2014-06-20 00:29:54,061 INFO org.apache.hadoop.mapreduce.Job:  map 0% reduce 0%
2014-06-20 00:29:54,104 INFO org.apache.hadoop.mapred.LocalJobRunner: 
2014-06-20 00:29:54,105 INFO org.apache.hadoop.mapred.MapTask: Starting flush of map output
2014-06-20 00:29:54,105 INFO org.apache.hadoop.mapred.MapTask: Spilling map output
2014-06-20 00:29:54,106 INFO org.apache.hadoop.mapred.MapTask: bufstart = 0; bufend = 66186; bufvoid = 104857600
2014-06-20 00:29:54,109 INFO org.apache.hadoop.mapred.MapTask: kvstart = 26214396(104857584); kvend = 26197636(104790544); length = 16761/6553600
2014-06-20 00:29:54,483 INFO org.apache.hadoop.mapred.MapTask: Finished spill 0
2014-06-20 00:29:54,494 INFO org.apache.hadoop.mapred.Task: Task:attempt_local905880436_0001_m_000000_0 is done. And is in the process of committing
2014-06-20 00:29:54,516 INFO org.apache.hadoop.mapred.LocalJobRunner: file:/home/cloudera/workspace/training/hadoop.log:0+49728
2014-06-20 00:29:54,517 INFO org.apache.hadoop.mapred.Task: Task 'attempt_local905880436_0001_m_000000_0' done.
2014-06-20 00:29:54,518 INFO org.apache.hadoop.mapred.LocalJobRunner: Finishing task: attempt_local905880436_0001_m_000000_0
2014-06-20 00:29:54,519 INFO org.apache.hadoop.mapred.LocalJobRunner: Map task executor complete.
2014-06-20 00:29:54,561 INFO org.apache.hadoop.mapred.Task:  Using ResourceCalculatorProcessTree : [ ]
2014-06-20 00:29:54,574 INFO org.apache.hadoop.mapred.Merger: Merging 1 sorted segments
2014-06-20 00:29:54,592 INFO org.apache.hadoop.mapred.Merger: Down to the last merge-pass, with 1 segments left of total size: 14366 bytes
2014-06-20 00:29:54,592 INFO org.apache.hadoop.mapred.LocalJobRunner: 
2014-06-20 00:29:54,730 INFO org.apache.hadoop.mapred.Task: Task:attempt_local905880436_0001_r_000000_0 is done. And is in the process of committing
2014-06-20 00:29:54,731 INFO org.apache.hadoop.mapred.LocalJobRunner: 
2014-06-20 00:29:54,731 INFO org.apache.hadoop.mapred.Task: Task attempt_local905880436_0001_r_000000_0 is allowed to commit now
2014-06-20 00:29:54,733 INFO org.apache.hadoop.mapreduce.lib.output.FileOutputCommitter: Saved output of task 'attempt_local905880436_0001_r_000000_0' to file:/home/cloudera/workspace/training/output/Fri Jun 20 00:29:51 EDT 2014/_temporary/0/task_local905880436_0001_r_000000
2014-06-20 00:29:54,738 INFO org.apache.hadoop.mapred.LocalJobRunner: reduce > reduce
2014-06-20 00:29:54,738 INFO org.apache.hadoop.mapred.Task: Task 'attempt_local905880436_0001_r_000000_0' done.
2014-06-20 00:29:55,067 INFO org.apache.hadoop.mapreduce.Job:  map 100% reduce 100%
2014-06-20 00:29:55,069 INFO org.apache.hadoop.mapreduce.Job: Job job_local905880436_0001 completed successfully
2014-06-20 00:29:55,110 INFO org.apache.hadoop.mapreduce.Job: Counters: 27
	File System Counters
		FILE: Number of bytes read=120728
		FILE: Number of bytes written=387259
		FILE: Number of read operations=0
		FILE: Number of large read operations=0
		FILE: Number of write operations=0
	Map-Reduce Framework
		Map input records=556
		Map output records=4191
		Map output bytes=66186
		Map output materialized bytes=14414
		Input split bytes=101
		Combine input records=4191
		Combine output records=696
		Reduce input groups=696
		Reduce shuffle bytes=0
		Reduce input records=696
		Reduce output records=696
		Spilled Records=1392
		Shuffled Maps =0
		Failed Shuffles=0
		Merged Map outputs=0
		GC time elapsed (ms)=129
		CPU time spent (ms)=0
		Physical memory (bytes) snapshot=0
		Virtual memory (bytes) snapshot=0
		Total committed heap usage (bytes)=331227136
	File Input Format Counters 
		Bytes Read=53000
	File Output Format Counters 
		Bytes Written=11803
